<?xml version="1.0" encoding="UTF-8"?>
<testng-results ignored="0" total="3" passed="3" failed="0" skipped="0">
  <reporter-output>
  </reporter-output>
  <suite started-at="2023-10-23T15:19:39 IST" name="All Test Suite" finished-at="2023-10-23T15:20:03 IST" duration-ms="24776">
    <groups>
    </groups>
    <test started-at="2023-10-23T15:19:39 IST" name="D:/Automation/WebAutomationInJava" finished-at="2023-10-23T15:20:03 IST" duration-ms="24776">
      <class name="org.example.AppTest">
        <test-method signature="OpenInChrome()[pri:0, instance:org.example.AppTest@21507a04]" started-at="2023-10-23T15:19:39 IST" name="OpenInChrome" finished-at="2023-10-23T15:20:03 IST" duration-ms="24502" status="PASS">
          <reporter-output>
          </reporter-output>
        </test-method> <!-- OpenInChrome -->
        <test-method signature="OpenInEdge()[pri:0, instance:org.example.AppTest@21507a04]" started-at="2023-10-23T15:19:39 IST" name="OpenInEdge" finished-at="2023-10-23T15:20:03 IST" duration-ms="24692" status="PASS">
          <reporter-output>
          </reporter-output>
        </test-method> <!-- OpenInEdge -->
        <test-method signature="OpenInFirefox()[pri:0, instance:org.example.AppTest@21507a04]" started-at="2023-10-23T15:19:39 IST" name="OpenInFirefox" finished-at="2023-10-23T15:20:03 IST" duration-ms="24377" status="PASS">
          <reporter-output>
          </reporter-output>
        </test-method> <!-- OpenInFirefox -->
      </class> <!-- org.example.AppTest -->
    </test> <!-- D:/Automation/WebAutomationInJava -->
  </suite> <!-- All Test Suite -->
</testng-results>
